<?xml version="1.0" encoding="UTF-8"?>
<!-- Generated by org.testng.reporters.JUnitReportReporter -->
<testsuite hostname="DESKTOP-U33MU1L" failures="0" tests="1" name="testCases.Login" time="3.729" errors="0" timestamp="2024-07-03T21:47:45 IST" skipped="0">
  <testcase classname="testCases.Login" name="ValidatelogIn" time="3.729"/>
</testsuite> <!-- testCases.Login -->
